<?xml version="1.0" encoding="UTF-8"?>
<coverage generated="1768492400944" clover="3.2.0">
  <project timestamp="1768492400945" name="All files">
    <metrics statements="40" coveredstatements="38" conditionals="12" coveredconditionals="8" methods="14" coveredmethods="13" elements="66" coveredelements="59" complexity="0" loc="40" ncloc="40" packages="1" files="3" classes="3"/>
    <file name="Body.js" path="C:\Users\ACER\Desktop\react_course\namaste-react-latest\src\components\Body.js">
      <metrics statements="28" coveredstatements="26" conditionals="12" coveredconditionals="8" methods="10" coveredmethods="9"/>
      <line num="9" count="1" type="stmt"/>
      <line num="11" count="7" type="stmt"/>
      <line num="12" count="7" type="stmt"/>
      <line num="14" count="7" type="stmt"/>
      <line num="16" count="7" type="stmt"/>
      <line num="20" count="7" type="stmt"/>
      <line num="22" count="7" type="stmt"/>
      <line num="24" count="7" type="stmt"/>
      <line num="25" count="2" type="stmt"/>
      <line num="28" count="7" type="stmt"/>
      <line num="29" count="2" type="stmt"/>
      <line num="33" count="2" type="stmt"/>
      <line num="37" count="2" type="stmt"/>
      <line num="40" count="2" type="stmt"/>
      <line num="47" count="7" type="stmt"/>
      <line num="49" count="7" type="cond" truecount="1" falsecount="1"/>
      <line num="50" count="0" type="stmt"/>
      <line num="58" count="7" type="stmt"/>
      <line num="59" count="7" type="cond" truecount="4" falsecount="0"/>
      <line num="72" count="1" type="stmt"/>
      <line num="78" count="1" type="stmt"/>
      <line num="79" count="8" type="stmt"/>
      <line num="81" count="1" type="stmt"/>
      <line num="91" count="1" type="stmt"/>
      <line num="92" count="8" type="stmt"/>
      <line num="94" count="1" type="stmt"/>
      <line num="102" count="0" type="stmt"/>
      <line num="107" count="27" type="stmt"/>
    </file>
    <file name="Contact.js" path="C:\Users\ACER\Desktop\react_course\namaste-react-latest\src\components\Contact.js">
      <metrics statements="2" coveredstatements="2" conditionals="0" coveredconditionals="0" methods="1" coveredmethods="1"/>
      <line num="3" count="1" type="stmt"/>
      <line num="4" count="4" type="stmt"/>
    </file>
    <file name="RestaurantCard.js" path="C:\Users\ACER\Desktop\react_course\namaste-react-latest\src\components\RestaurantCard.js">
      <metrics statements="10" coveredstatements="10" conditionals="0" coveredconditionals="0" methods="3" coveredmethods="3"/>
      <line num="5" count="2" type="stmt"/>
      <line num="6" count="28" type="stmt"/>
      <line num="8" count="28" type="stmt"/>
      <line num="10" count="28" type="stmt"/>
      <line num="11" count="28" type="stmt"/>
      <line num="13" count="28" type="stmt"/>
      <line num="15" count="28" type="stmt"/>
      <line num="42" count="2" type="stmt"/>
      <line num="43" count="7" type="stmt"/>
      <line num="44" count="27" type="stmt"/>
    </file>
  </project>
</coverage>
