{"C:\\Users\\ACER\\Desktop\\react_course\\namaste-react-latest\\src\\components\\Body.js": {"path":"C:\\Users\\ACER\\Desktop\\react_course\\namaste-react-latest\\src\\components\\Body.js","statementMap":{"0":{"start":{"line":9,"column":13},"end":{"line":123,"column":1}},"1":{"start":{"line":11,"column":52},"end":{"line":11,"column":64}},"2":{"start":{"line":12,"column":54},"end":{"line":12,"column":66}},"3":{"start":{"line":14,"column":2},"end":{"line":14,"column":56}},"4":{"start":{"line":16,"column":37},"end":{"line":16,"column":60}},"5":{"start":{"line":20,"column":38},"end":{"line":20,"column":50}},"6":{"start":{"line":22,"column":33},"end":{"line":22,"column":66}},"7":{"start":{"line":24,"column":2},"end":{"line":26,"column":9}},"8":{"start":{"line":25,"column":4},"end":{"line":25,"column":16}},"9":{"start":{"line":28,"column":20},"end":{"line":43,"column":3}},"10":{"start":{"line":29,"column":17},"end":{"line":31,"column":5}},"11":{"start":{"line":33,"column":17},"end":{"line":33,"column":34}},"12":{"start":{"line":37,"column":4},"end":{"line":39,"column":6}},"13":{"start":{"line":40,"column":4},"end":{"line":42,"column":6}},"14":{"start":{"line":47,"column":23},"end":{"line":47,"column":40}},"15":{"start":{"line":49,"column":2},"end":{"line":57,"column":3}},"16":{"start":{"line":50,"column":4},"end":{"line":56,"column":6}},"17":{"start":{"line":58,"column":2},"end":{"line":58,"column":53}},"18":{"start":{"line":59,"column":2},"end":{"line":122,"column":4}},"19":{"start":{"line":72,"column":14},"end":{"line":72,"column":44}},"20":{"start":{"line":78,"column":41},"end":{"line":80,"column":15}},"21":{"start":{"line":79,"column":16},"end":{"line":79,"column":78}},"22":{"start":{"line":81,"column":14},"end":{"line":81,"column":56}},"23":{"start":{"line":91,"column":35},"end":{"line":93,"column":15}},"24":{"start":{"line":92,"column":25},"end":{"line":92,"column":49}},"25":{"start":{"line":94,"column":14},"end":{"line":94,"column":50}},"26":{"start":{"line":102,"column":68},"end":{"line":102,"column":95}},"27":{"start":{"line":107,"column":10},"end":{"line":117,"column":17}}},"fnMap":{"0":{"name":"(anonymous_0)","decl":{"start":{"line":9,"column":13},"end":{"line":9,"column":14}},"loc":{"start":{"line":9,"column":19},"end":{"line":123,"column":1}},"line":9},"1":{"name":"(anonymous_1)","decl":{"start":{"line":24,"column":12},"end":{"line":24,"column":13}},"loc":{"start":{"line":24,"column":18},"end":{"line":26,"column":3}},"line":24},"2":{"name":"(anonymous_2)","decl":{"start":{"line":28,"column":20},"end":{"line":28,"column":21}},"loc":{"start":{"line":28,"column":32},"end":{"line":43,"column":3}},"line":28},"3":{"name":"(anonymous_3)","decl":{"start":{"line":71,"column":22},"end":{"line":71,"column":23}},"loc":{"start":{"line":71,"column":29},"end":{"line":73,"column":13}},"line":71},"4":{"name":"(anonymous_4)","decl":{"start":{"line":77,"column":21},"end":{"line":77,"column":22}},"loc":{"start":{"line":77,"column":27},"end":{"line":82,"column":13}},"line":77},"5":{"name":"(anonymous_5)","decl":{"start":{"line":78,"column":66},"end":{"line":78,"column":67}},"loc":{"start":{"line":79,"column":16},"end":{"line":79,"column":78}},"line":79},"6":{"name":"(anonymous_6)","decl":{"start":{"line":90,"column":21},"end":{"line":90,"column":22}},"loc":{"start":{"line":90,"column":27},"end":{"line":95,"column":13}},"line":90},"7":{"name":"(anonymous_7)","decl":{"start":{"line":92,"column":16},"end":{"line":92,"column":17}},"loc":{"start":{"line":92,"column":25},"end":{"line":92,"column":49}},"line":92},"8":{"name":"(anonymous_8)","decl":{"start":{"line":102,"column":61},"end":{"line":102,"column":62}},"loc":{"start":{"line":102,"column":68},"end":{"line":102,"column":95}},"line":102},"9":{"name":"(anonymous_9)","decl":{"start":{"line":106,"column":32},"end":{"line":106,"column":33}},"loc":{"start":{"line":107,"column":10},"end":{"line":117,"column":17}},"line":107}},"branchMap":{"0":{"loc":{"start":{"line":38,"column":6},"end":{"line":38,"column":86}},"type":"binary-expr","locations":[{"start":{"line":38,"column":6},"end":{"line":38,"column":80}},{"start":{"line":38,"column":84},"end":{"line":38,"column":86}}],"line":38},"1":{"loc":{"start":{"line":41,"column":6},"end":{"line":41,"column":86}},"type":"binary-expr","locations":[{"start":{"line":41,"column":6},"end":{"line":41,"column":80}},{"start":{"line":41,"column":84},"end":{"line":41,"column":86}}],"line":41},"2":{"loc":{"start":{"line":49,"column":2},"end":{"line":57,"column":3}},"type":"if","locations":[{"start":{"line":49,"column":2},"end":{"line":57,"column":3}},{"start":{},"end":{}}],"line":49},"3":{"loc":{"start":{"line":59,"column":9},"end":{"line":122,"column":3}},"type":"cond-expr","locations":[{"start":{"line":60,"column":4},"end":{"line":60,"column":15}},{"start":{"line":62,"column":4},"end":{"line":121,"column":10}}],"line":59},"4":{"loc":{"start":{"line":59,"column":10},"end":{"line":59,"column":62}},"type":"binary-expr","locations":[{"start":{"line":59,"column":10},"end":{"line":59,"column":28}},{"start":{"line":59,"column":32},"end":{"line":59,"column":62}}],"line":59},"5":{"loc":{"start":{"line":112,"column":13},"end":{"line":116,"column":13}},"type":"cond-expr","locations":[{"start":{"line":113,"column":14},"end":{"line":113,"column":61}},{"start":{"line":115,"column":14},"end":{"line":115,"column":53}}],"line":112}},"s":{"0":1,"1":7,"2":7,"3":7,"4":7,"5":7,"6":7,"7":7,"8":2,"9":7,"10":2,"11":2,"12":2,"13":2,"14":7,"15":7,"16":0,"17":7,"18":7,"19":1,"20":1,"21":8,"22":1,"23":1,"24":8,"25":1,"26":0,"27":27},"f":{"0":7,"1":2,"2":2,"3":1,"4":1,"5":8,"6":1,"7":8,"8":0,"9":27},"b":{"0":[2,0],"1":[2,0],"2":[0,7],"3":[2,5],"4":[7,7],"5":[27,0]},"_coverageSchema":"1a1c01bbd47fc00a2c39e90264f33305004495a9","hash":"e8b879336599d381b82d8f698a28321c0f1c7c09"}
,"C:\\Users\\ACER\\Desktop\\react_course\\namaste-react-latest\\src\\components\\Contact.js": {"path":"C:\\Users\\ACER\\Desktop\\react_course\\namaste-react-latest\\src\\components\\Contact.js","statementMap":{"0":{"start":{"line":3,"column":16},"end":{"line":15,"column":1}},"1":{"start":{"line":4,"column":4},"end":{"line":13,"column":5}}},"fnMap":{"0":{"name":"(anonymous_0)","decl":{"start":{"line":3,"column":16},"end":{"line":3,"column":17}},"loc":{"start":{"line":3,"column":22},"end":{"line":15,"column":1}},"line":3}},"branchMap":{},"s":{"0":1,"1":4},"f":{"0":4},"b":{},"_coverageSchema":"1a1c01bbd47fc00a2c39e90264f33305004495a9","hash":"acd6c1f2fa118387fd486f38b37b439bfc0b8877"}
,"C:\\Users\\ACER\\Desktop\\react_course\\namaste-react-latest\\src\\components\\RestaurantCard.js": {"path":"C:\\Users\\ACER\\Desktop\\react_course\\namaste-react-latest\\src\\components\\RestaurantCard.js","statementMap":{"0":{"start":{"line":5,"column":23},"end":{"line":36,"column":1}},"1":{"start":{"line":6,"column":22},"end":{"line":6,"column":27}},"2":{"start":{"line":8,"column":4},"end":{"line":8,"column":25}},"3":{"start":{"line":10,"column":70},"end":{"line":10,"column":83}},"4":{"start":{"line":11,"column":25},"end":{"line":11,"column":43}},"5":{"start":{"line":13,"column":25},"end":{"line":13,"column":48}},"6":{"start":{"line":15,"column":2},"end":{"line":34,"column":4}},"7":{"start":{"line":42,"column":33},"end":{"line":53,"column":1}},"8":{"start":{"line":43,"column":2},"end":{"line":52,"column":3}},"9":{"start":{"line":44,"column":4},"end":{"line":51,"column":5}}},"fnMap":{"0":{"name":"(anonymous_0)","decl":{"start":{"line":5,"column":23},"end":{"line":5,"column":24}},"loc":{"start":{"line":5,"column":34},"end":{"line":36,"column":1}},"line":5},"1":{"name":"(anonymous_1)","decl":{"start":{"line":42,"column":33},"end":{"line":42,"column":34}},"loc":{"start":{"line":42,"column":53},"end":{"line":53,"column":1}},"line":42},"2":{"name":"(anonymous_2)","decl":{"start":{"line":43,"column":9},"end":{"line":43,"column":10}},"loc":{"start":{"line":43,"column":20},"end":{"line":52,"column":3}},"line":43}},"branchMap":{},"s":{"0":2,"1":28,"2":28,"3":28,"4":28,"5":28,"6":28,"7":2,"8":7,"9":27},"f":{"0":28,"1":7,"2":27},"b":{},"_coverageSchema":"1a1c01bbd47fc00a2c39e90264f33305004495a9","hash":"7eb8b44cbea38bb067adfb63ebc9586894d109d1"}
}
