TN:
SF:src\components\Body.js
FN:9,(anonymous_0)
FN:24,(anonymous_1)
FN:28,(anonymous_2)
FN:71,(anonymous_3)
FN:77,(anonymous_4)
FN:78,(anonymous_5)
FN:90,(anonymous_6)
FN:92,(anonymous_7)
FN:102,(anonymous_8)
FN:106,(anonymous_9)
FNF:10
FNH:9
FNDA:7,(anonymous_0)
FNDA:2,(anonymous_1)
FNDA:2,(anonymous_2)
FNDA:1,(anonymous_3)
FNDA:1,(anonymous_4)
FNDA:8,(anonymous_5)
FNDA:1,(anonymous_6)
FNDA:8,(anonymous_7)
FNDA:0,(anonymous_8)
FNDA:27,(anonymous_9)
DA:9,1
DA:11,7
DA:12,7
DA:14,7
DA:16,7
DA:20,7
DA:22,7
DA:24,7
DA:25,2
DA:28,7
DA:29,2
DA:33,2
DA:37,2
DA:40,2
DA:47,7
DA:49,7
DA:50,0
DA:58,7
DA:59,7
DA:72,1
DA:78,1
DA:79,8
DA:81,1
DA:91,1
DA:92,8
DA:94,1
DA:102,0
DA:107,27
LF:28
LH:26
BRDA:38,0,0,2
BRDA:38,0,1,0
BRDA:41,1,0,2
BRDA:41,1,1,0
BRDA:49,2,0,0
BRDA:49,2,1,7
BRDA:59,3,0,2
BRDA:59,3,1,5
BRDA:59,4,0,7
BRDA:59,4,1,7
BRDA:112,5,0,27
BRDA:112,5,1,0
BRF:12
BRH:8
end_of_record
TN:
SF:src\components\Contact.js
FN:3,(anonymous_0)
FNF:1
FNH:1
FNDA:4,(anonymous_0)
DA:3,1
DA:4,4
LF:2
LH:2
BRF:0
BRH:0
end_of_record
TN:
SF:src\components\RestaurantCard.js
FN:5,(anonymous_0)
FN:42,(anonymous_1)
FN:43,(anonymous_2)
FNF:3
FNH:3
FNDA:28,(anonymous_0)
FNDA:7,(anonymous_1)
FNDA:27,(anonymous_2)
DA:5,2
DA:6,28
DA:8,28
DA:10,28
DA:11,28
DA:13,28
DA:15,28
DA:42,2
DA:43,7
DA:44,27
LF:10
LH:10
BRF:0
BRH:0
end_of_record
